<?xml version="1.0" encoding="UTF-8"?>
<!-- Generated by org.testng.reporters.JUnitReportReporter -->
<testsuite hostname="Moin-Laptop" failures="0" tests="1" name="com.todoist.qa.testclasses.MainPageTest" time="5.049" errors="0" timestamp="26 Aug 2021 05:23:13 GMT" skipped="0">
  <testcase classname="com.todoist.qa.testclasses.MainPageTest" name="addTaskTest" time="5.049"/>
</testsuite> <!-- com.todoist.qa.testclasses.MainPageTest -->
