<?xml version="1.0" encoding="UTF-8"?>
<!-- Generated by org.testng.reporters.JUnitReportReporter -->
<testsuite hostname="Moin-Laptop" failures="0" tests="3" name="com.todoist.qa.testclasses.LoginPageTest" time="16.965" errors="0" timestamp="25 Aug 2021 11:00:33 GMT" skipped="0">
  <testcase classname="com.todoist.qa.testclasses.LoginPageTest" name="loginWithEmailPassword" time="7.262"/>
  <testcase classname="com.todoist.qa.testclasses.LoginPageTest" name="loginWithIncorrectPassword" time="4.883"/>
  <testcase classname="com.todoist.qa.testclasses.LoginPageTest" name="loginWithIncorrectEmail" time="4.820"/>
</testsuite> <!-- com.todoist.qa.testclasses.LoginPageTest -->
